[debug] [2023-08-18T00:22:14.517Z] ----------------------------------------------------------------------
[debug] [2023-08-18T00:22:14.519Z] Command:       C:\Program Files\nodejs\node.exe C:\Users\52418\AppData\Roaming\npm\node_modules\firebase-tools\lib\bin\firebase.js init
[debug] [2023-08-18T00:22:14.520Z] CLI Version:   12.4.8
[debug] [2023-08-18T00:22:14.520Z] Platform:      win32
[debug] [2023-08-18T00:22:14.520Z] Node Version:  v18.16.0
[debug] [2023-08-18T00:22:14.521Z] Time:          Thu Aug 17 2023 18:22:14 GMT-0600 (hora estándar central)
[debug] [2023-08-18T00:22:14.521Z] ----------------------------------------------------------------------
[debug] 
[debug] [2023-08-18T00:22:14.525Z] >>> [apiv2][query] GET https://firebase-public.firebaseio.com/cli.json [none]
[debug] [2023-08-18T00:22:14.566Z] > command requires scopes: ["email","openid","https://www.googleapis.com/auth/cloudplatformprojects.readonly","https://www.googleapis.com/auth/firebase","https://www.googleapis.com/auth/cloud-platform"]
[debug] [2023-08-18T00:22:14.567Z] > authorizing via signed-in user (4181180400d@gmail.com)
[info] 
     ######## #### ########  ######## ########     ###     ######  ########
     ##        ##  ##     ## ##       ##     ##  ##   ##  ##       ##
     ######    ##  ########  ######   ########  #########  ######  ######
     ##        ##  ##    ##  ##       ##     ## ##     ##       ## ##
     ##       #### ##     ## ######## ########  ##     ##  ######  ########

You're about to initialize a Firebase project in this directory:

  C:\Users\52418\OneDrive\Documentos\Aplicaciones\ContActivV4

[debug] [2023-08-18T00:22:15.131Z] <<< [apiv2][status] GET https://firebase-public.firebaseio.com/cli.json 200
[debug] [2023-08-18T00:22:15.132Z] <<< [apiv2][body] GET https://firebase-public.firebaseio.com/cli.json {"cloudBuildErrorAfter":1594252800000,"cloudBuildWarnAfter":1590019200000,"defaultNode10After":1594252800000,"minVersion":"3.0.5","node8DeploysDisabledAfter":1613390400000,"node8RuntimeDisabledAfter":1615809600000,"node8WarnAfter":1600128000000}
[info] 
=== Project Setup
[info] 
[info] First, let's associate this project directory with a Firebase project.
[info] You can create multiple project aliases by running firebase use --add, 
[info] but for now we'll just set up a default project.
[info] 
[debug] [2023-08-18T00:23:44.650Z] > refreshing access token with scopes: []
[debug] [2023-08-18T00:23:44.651Z] >>> [apiv2][query] POST https://www.googleapis.com/oauth2/v3/token [none]
[debug] [2023-08-18T00:23:44.651Z] >>> [apiv2][body] POST https://www.googleapis.com/oauth2/v3/token [omitted]
[debug] [2023-08-18T00:23:45.075Z] <<< [apiv2][status] POST https://www.googleapis.com/oauth2/v3/token 200
[debug] [2023-08-18T00:23:45.075Z] <<< [apiv2][body] POST https://www.googleapis.com/oauth2/v3/token [omitted]
[debug] [2023-08-18T00:23:45.084Z] >>> [apiv2][query] GET https://firebase.googleapis.com/v1beta1/projects pageSize=100
[debug] [2023-08-18T00:23:45.732Z] <<< [apiv2][status] GET https://firebase.googleapis.com/v1beta1/projects 200
[debug] [2023-08-18T00:23:45.732Z] <<< [apiv2][body] GET https://firebase.googleapis.com/v1beta1/projects [omitted]
[info] i  Using project control-actividades-1abc7 (control-actividades) 
[info] 
=== Database Setup
[info] i  database: ensuring required API firebasedatabase.googleapis.com is enabled... 
[debug] [2023-08-18T00:23:53.835Z] >>> [apiv2][query] GET https://serviceusage.googleapis.com/v1/projects/control-actividades-1abc7/services/firebasedatabase.googleapis.com [none]
[debug] [2023-08-18T00:23:53.835Z] >>> [apiv2][(partial)header] GET https://serviceusage.googleapis.com/v1/projects/control-actividades-1abc7/services/firebasedatabase.googleapis.com x-goog-quota-user=projects/control-actividades-1abc7
[debug] [2023-08-18T00:23:55.548Z] <<< [apiv2][status] GET https://serviceusage.googleapis.com/v1/projects/control-actividades-1abc7/services/firebasedatabase.googleapis.com 200
[debug] [2023-08-18T00:23:55.548Z] <<< [apiv2][body] GET https://serviceusage.googleapis.com/v1/projects/control-actividades-1abc7/services/firebasedatabase.googleapis.com [omitted]
[warn] !  database: missing required API firebasedatabase.googleapis.com. Enabling now... 
[debug] [2023-08-18T00:23:55.549Z] >>> [apiv2][query] POST https://serviceusage.googleapis.com/v1/projects/control-actividades-1abc7/services/firebasedatabase.googleapis.com:enable [none]
[debug] [2023-08-18T00:23:55.549Z] >>> [apiv2][(partial)header] POST https://serviceusage.googleapis.com/v1/projects/control-actividades-1abc7/services/firebasedatabase.googleapis.com:enable x-goog-quota-user=projects/control-actividades-1abc7
[debug] [2023-08-18T00:23:57.146Z] <<< [apiv2][status] POST https://serviceusage.googleapis.com/v1/projects/control-actividades-1abc7/services/firebasedatabase.googleapis.com:enable 200
[debug] [2023-08-18T00:23:57.146Z] <<< [apiv2][body] POST https://serviceusage.googleapis.com/v1/projects/control-actividades-1abc7/services/firebasedatabase.googleapis.com:enable [omitted]
[debug] [2023-08-18T00:24:07.159Z] >>> [apiv2][query] GET https://serviceusage.googleapis.com/v1/projects/control-actividades-1abc7/services/firebasedatabase.googleapis.com [none]
[debug] [2023-08-18T00:24:07.159Z] >>> [apiv2][(partial)header] GET https://serviceusage.googleapis.com/v1/projects/control-actividades-1abc7/services/firebasedatabase.googleapis.com x-goog-quota-user=projects/control-actividades-1abc7
[debug] [2023-08-18T00:24:07.805Z] <<< [apiv2][status] GET https://serviceusage.googleapis.com/v1/projects/control-actividades-1abc7/services/firebasedatabase.googleapis.com 200
[debug] [2023-08-18T00:24:07.805Z] <<< [apiv2][body] GET https://serviceusage.googleapis.com/v1/projects/control-actividades-1abc7/services/firebasedatabase.googleapis.com [omitted]
[info] +  database: required API firebasedatabase.googleapis.com is enabled 
[info] 
[debug] [2023-08-18T00:24:07.818Z] >>> [apiv2][query] GET https://firebase.googleapis.com/v1beta1/projects/control-actividades-1abc7 [none]
[debug] [2023-08-18T00:24:08.569Z] <<< [apiv2][status] GET https://firebase.googleapis.com/v1beta1/projects/control-actividades-1abc7 200
[debug] [2023-08-18T00:24:08.569Z] <<< [apiv2][body] GET https://firebase.googleapis.com/v1beta1/projects/control-actividades-1abc7 {"projectId":"control-actividades-1abc7","projectNumber":"40776590707","displayName":"control-actividades","name":"projects/control-actividades-1abc7","resources":{"hostingSite":"control-actividades-1abc7"},"state":"ACTIVE","etag":"1_0610149c-4e70-4f1a-98e8-bfbaa6fb50a3"}
[debug] [2023-08-18T00:24:20.405Z] >>> [apiv2][query] POST https://firebasedatabase.googleapis.com/v1beta/projects/control-actividades-1abc7/locations/us-central1/instances databaseId=control-actividades-1abc7-default-rtdb&validateOnly=true
[debug] [2023-08-18T00:24:20.405Z] >>> [apiv2][body] POST https://firebasedatabase.googleapis.com/v1beta/projects/control-actividades-1abc7/locations/us-central1/instances {"type":"default_database"}
[debug] [2023-08-18T00:24:21.314Z] <<< [apiv2][status] POST https://firebasedatabase.googleapis.com/v1beta/projects/control-actividades-1abc7/locations/us-central1/instances 200
[debug] [2023-08-18T00:24:21.314Z] <<< [apiv2][body] POST https://firebasedatabase.googleapis.com/v1beta/projects/control-actividades-1abc7/locations/us-central1/instances {"name":"projects/40776590707/locations/us-central1/instances/control-actividades-1abc7-default-rtdb","project":"projects/40776590707","databaseUrl":"https://control-actividades-1abc7-default-rtdb.firebaseio.com","type":"DEFAULT_DATABASE","state":"ACTIVE"}
[debug] [2023-08-18T00:24:21.317Z] >>> [apiv2][query] POST https://firebasedatabase.googleapis.com/v1beta/projects/control-actividades-1abc7/locations/us-central1/instances databaseId=control-actividades-1abc7-default-rtdb
[debug] [2023-08-18T00:24:21.317Z] >>> [apiv2][body] POST https://firebasedatabase.googleapis.com/v1beta/projects/control-actividades-1abc7/locations/us-central1/instances {"type":"default_database"}
[debug] [2023-08-18T00:24:22.086Z] <<< [apiv2][status] POST https://firebasedatabase.googleapis.com/v1beta/projects/control-actividades-1abc7/locations/us-central1/instances 200
[debug] [2023-08-18T00:24:22.086Z] <<< [apiv2][body] POST https://firebasedatabase.googleapis.com/v1beta/projects/control-actividades-1abc7/locations/us-central1/instances {"name":"projects/40776590707/locations/us-central1/instances/control-actividades-1abc7-default-rtdb","project":"projects/40776590707","databaseUrl":"https://control-actividades-1abc7-default-rtdb.firebaseio.com","type":"DEFAULT_DATABASE","state":"ACTIVE"}
[info] 
[info] Firebase Realtime Database Security Rules allow you to define how your data should be
[info] structured and when your data can be read from and written to.
[info] 
[debug] [2023-08-18T00:24:27.726Z] >>> [apiv2][query] GET https://control-actividades-1abc7-default-rtdb.firebaseio.com/.settings/rules.json [none]
[debug] [2023-08-18T00:24:28.516Z] <<< [apiv2][status] GET https://control-actividades-1abc7-default-rtdb.firebaseio.com/.settings/rules.json 200
[debug] [2023-08-18T00:24:28.517Z] <<< [apiv2][body] GET https://control-actividades-1abc7-default-rtdb.firebaseio.com/.settings/rules.json [stream]
[info] +  Database Rules for control-actividades-1abc7-default-rtdb have been written to database.rules.json. 
[info] Future modifications to database.rules.json will update Realtime Database Security Rules when you run
[info] firebase deploy.
[info] 
=== Hosting Setup
[info] 
[info] Your public directory is the folder (relative to your project directory) that
[info] will contain Hosting assets to be uploaded with firebase deploy. If you
[info] have a build process for your assets, use your build's output directory.
[info] 
[debug] [2023-08-18T00:24:42.204Z] >>> [apiv2][query] GET https://www.gstatic.com/firebasejs/releases.json [none]
[debug] [2023-08-18T00:24:42.429Z] <<< [apiv2][status] GET https://www.gstatic.com/firebasejs/releases.json 200
[debug] [2023-08-18T00:24:42.429Z] <<< [apiv2][body] GET https://www.gstatic.com/firebasejs/releases.json {"current":{"version":"10.2.0","browserURL":"https://www.gstatic.com/firebasejs/10.2.0/firebase.js","packageURL":"https://www.gstatic.com/firebasejs/10.2.0/firebase.tgz"},"live":{"version":"10.2","browserURL":"https://www.gstatic.com/firebasejs/live/10.2/firebase.js","packageURL":"https://www.gstatic.com/firebasejs/live/10.2/firebase.tgz"},"components":{"analytics":"https://www.gstatic.com/firebasejs/10.2.0/firebase-analytics.js","app":"https://www.gstatic.com/firebasejs/10.2.0/firebase-app.js","app-check":"https://www.gstatic.com/firebasejs/10.2.0/firebase-app-check.js","auth":"https://www.gstatic.com/firebasejs/10.2.0/firebase-auth.js","auth/cordova":"https://www.gstatic.com/firebasejs/10.2.0/firebase-auth/cordova.js","functions":"https://www.gstatic.com/firebasejs/10.2.0/firebase-functions.js","firestore":"https://www.gstatic.com/firebasejs/10.2.0/firebase-firestore.js","firestore/lite":"https://www.gstatic.com/firebasejs/10.2.0/firebase-firestore/lite.js","installations":"https://www.gstatic.com/firebasejs/10.2.0/firebase-installations.js","storage":"https://www.gstatic.com/firebasejs/10.2.0/firebase-storage.js","performance":"https://www.gstatic.com/firebasejs/10.2.0/firebase-performance.js","remote-config":"https://www.gstatic.com/firebasejs/10.2.0/firebase-remote-config.js","messaging":"https://www.gstatic.com/firebasejs/10.2.0/firebase-messaging.js","messaging/sw":"https://www.gstatic.com/firebasejs/10.2.0/firebase-messaging/sw.js","database":"https://www.gstatic.com/firebasejs/10.2.0/firebase-database.js","firestore.memory":"https://www.gstatic.com/firebasejs/10.2.0/firebase-firestore.memory.js"}}
[info] +  Wrote public/index.html 
[info] 
[info] i  Detected a .git folder at C:\Users\52418\OneDrive\Documentos\Aplicaciones\ContActivV4 
[info] i  Authorizing with GitHub to upload your service account to a GitHub repository's secrets store. 
[info] 
[info] Visit this URL on this device to log in:
[info] https://github.com/login/oauth/authorize?client_id=89cf50f02ac6aaed3484&state=865487028&redirect_uri=http%3A%2F%2Flocalhost%3A9005&scope=read%3Auser%20repo%20public_repo
[info] 
[info] Waiting for authentication...
[debug] [2023-08-18T00:25:36.347Z] >>> [apiv2][query] POST https://github.com/login/oauth/access_token [none]
[debug] [2023-08-18T00:25:36.348Z] >>> [apiv2][body] POST https://github.com/login/oauth/access_token [stream]
[debug] [2023-08-18T00:25:39.511Z] <<< [apiv2][status] POST https://github.com/login/oauth/access_token 200
[debug] [2023-08-18T00:25:39.511Z] <<< [apiv2][body] POST https://github.com/login/oauth/access_token {"access_token":"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","token_type":"bearer","scope":"read:user,repo"}
[debug] [2023-08-18T00:25:39.517Z] >>> [apiv2][query] GET https://api.github.com/user [none]
[debug] [2023-08-18T00:25:40.555Z] <<< [apiv2][status] GET https://api.github.com/user 200
[debug] [2023-08-18T00:25:40.556Z] <<< [apiv2][body] GET https://api.github.com/user {"login":"Diegue83","id":135059873,"node_id":"U_kgDOCAzZoQ","avatar_url":"https://avatars.githubusercontent.com/u/135059873?v=4","gravatar_id":"","url":"https://api.github.com/users/Diegue83","html_url":"https://github.com/Diegue83","followers_url":"https://api.github.com/users/Diegue83/followers","following_url":"https://api.github.com/users/Diegue83/following{/other_user}","gists_url":"https://api.github.com/users/Diegue83/gists{/gist_id}","starred_url":"https://api.github.com/users/Diegue83/starred{/owner}{/repo}","subscriptions_url":"https://api.github.com/users/Diegue83/subscriptions","organizations_url":"https://api.github.com/users/Diegue83/orgs","repos_url":"https://api.github.com/users/Diegue83/repos","events_url":"https://api.github.com/users/Diegue83/events{/privacy}","received_events_url":"https://api.github.com/users/Diegue83/received_events","type":"User","site_admin":false,"name":null,"company":null,"blog":"","location":null,"email":null,"hireable":null,"bio":null,"twitter_username":null,"public_repos":1,"public_gists":0,"followers":0,"following":0,"created_at":"2023-05-30T18:26:21Z","updated_at":"2023-07-14T22:49:26Z","private_gists":0,"total_private_repos":0,"owned_private_repos":0,"disk_usage":119,"collaborators":0,"two_factor_authentication":false,"plan":{"name":"free","space":976562499,"collaborators":0,"private_repos":10000}}
[info] 
[info] +  Success! Logged into GitHub as Diegue83 
[info] 
[debug] [2023-08-18T00:25:51.952Z] >>> [apiv2][query] GET https://api.github.com/repos//actions/secrets/public-key type=owner
[debug] [2023-08-18T00:25:52.375Z] <<< [apiv2][status] GET https://api.github.com/repos//actions/secrets/public-key 404
[debug] [2023-08-18T00:25:52.375Z] <<< [apiv2][body] GET https://api.github.com/repos//actions/secrets/public-key {"message":"Not Found","documentation_url":"https://docs.github.com/rest"}
[info] 
[info] 
[error] !  The provided authorization cannot be used with this repository. If this repository is in an organization, did you remember to grant access? 
[info] 
[info] i  Action required: Visit this URL to ensure access has been granted to the appropriate organization(s) for the Firebase CLI GitHub OAuth App: 
[info] https://github.com/settings/connections/applications/89cf50f02ac6aaed3484
[info] 
[debug] [2023-08-18T00:25:54.178Z] >>> [apiv2][query] GET https://api.github.com/repos//actions/secrets/public-key type=owner
[debug] [2023-08-18T00:25:54.846Z] <<< [apiv2][status] GET https://api.github.com/repos//actions/secrets/public-key 404
[debug] [2023-08-18T00:25:54.846Z] <<< [apiv2][body] GET https://api.github.com/repos//actions/secrets/public-key {"message":"Not Found","documentation_url":"https://docs.github.com/rest"}
[info] 
[info] 
[error] !  The provided authorization cannot be used with this repository. If this repository is in an organization, did you remember to grant access? 
[info] 
[info] i  Action required: Visit this URL to ensure access has been granted to the appropriate organization(s) for the Firebase CLI GitHub OAuth App: 
[info] https://github.com/settings/connections/applications/89cf50f02ac6aaed3484
[info] 
[debug] [2023-08-18T00:27:28.826Z] >>> [apiv2][query] GET https://api.github.com/repos/https://github.com/aalan-aavalos/pcontrol-actividades.git/actions/secrets/public-key type=owner
[debug] [2023-08-18T00:27:29.354Z] <<< [apiv2][status] GET https://api.github.com/repos/https://github.com/aalan-aavalos/pcontrol-actividades.git/actions/secrets/public-key 404
[debug] [2023-08-18T00:27:29.354Z] <<< [apiv2][body] GET https://api.github.com/repos/https://github.com/aalan-aavalos/pcontrol-actividades.git/actions/secrets/public-key {"message":"Not Found","documentation_url":"https://docs.github.com/rest"}
[info] 
[info] 
[error] !  The provided authorization cannot be used with this repository. If this repository is in an organization, did you remember to grant access? 
[info] 
[info] i  Action required: Visit this URL to ensure access has been granted to the appropriate organization(s) for the Firebase CLI GitHub OAuth App: 
[info] https://github.com/settings/connections/applications/89cf50f02ac6aaed3484
[info] 
[debug] [2023-08-18T00:27:40.355Z] >>> [apiv2][query] GET https://api.github.com/repos/https://github.com/aalan-aavalos/pcontrol-actividades.git/actions/secrets/public-key type=owner
[debug] [2023-08-18T00:27:40.938Z] <<< [apiv2][status] GET https://api.github.com/repos/https://github.com/aalan-aavalos/pcontrol-actividades.git/actions/secrets/public-key 404
[debug] [2023-08-18T00:27:40.938Z] <<< [apiv2][body] GET https://api.github.com/repos/https://github.com/aalan-aavalos/pcontrol-actividades.git/actions/secrets/public-key {"message":"Not Found","documentation_url":"https://docs.github.com/rest"}
[info] 
[info] 
[error] !  The provided authorization cannot be used with this repository. If this repository is in an organization, did you remember to grant access? 
[info] 
[info] i  Action required: Visit this URL to ensure access has been granted to the appropriate organization(s) for the Firebase CLI GitHub OAuth App: 
[info] https://github.com/settings/connections/applications/89cf50f02ac6aaed3484
[info] 
